This is pdfTeX, Version 3.1415926-2.4-1.40.13 (TeX Live 2012) (format=pdflatex 2012.6.30)  11 JUN 2014 17:30
entering extended mode
 \write18 enabled.
 %&-line parsing enabled.
**LArIAT-ref-paper.tex
(./LArIAT-ref-paper.tex
LaTeX2e <2011/06/27>
Babel <v3.8m> and hyphenation patterns for english, dumylang, nohyphenation, ge
rman-x-2012-05-30, ngerman-x-2012-05-30, afrikaans, ancientgreek, ibycus, arabi
c, armenian, basque, bulgarian, catalan, pinyin, coptic, croatian, czech, danis
h, dutch, ukenglish, usenglishmax, esperanto, estonian, ethiopic, farsi, finnis
h, french, friulan, galician, german, ngerman, swissgerman, monogreek, greek, h
ungarian, icelandic, assamese, bengali, gujarati, hindi, kannada, malayalam, ma
rathi, oriya, panjabi, tamil, telugu, indonesian, interlingua, irish, italian, 
kurmanji, latin, latvian, lithuanian, mongolian, mongolianlmc, bokmal, nynorsk,
 polish, portuguese, romanian, romansh, russian, sanskrit, serbian, serbianc, s
lovak, slovenian, spanish, swedish, turkish, turkmen, ukrainian, uppersorbian, 
welsh, loaded.
(/usr/local/texlive/2012/texmf-dist/tex/latex/koma-script/scrartcl.cls
Document Class: scrartcl 2012/05/15 v3.11 KOMA-Script document class (article)
(/usr/local/texlive/2012/texmf-dist/tex/latex/koma-script/scrkbase.sty
Package: scrkbase 2012/05/15 v3.11 KOMA-Script package (KOMA-Script-dependent b
asics and keyval usage)

(/usr/local/texlive/2012/texmf-dist/tex/latex/koma-script/scrbase.sty
Package: scrbase 2012/05/15 v3.11 KOMA-Script package (KOMA-Script-independent 
basics and keyval usage)

(/usr/local/texlive/2012/texmf-dist/tex/latex/graphics/keyval.sty
Package: keyval 1999/03/16 v1.13 key=value parser (DPC)
\KV@toks@=\toks14
)
(/usr/local/texlive/2012/texmf-dist/tex/latex/koma-script/scrlfile.sty
Package: scrlfile 2011/03/09 v3.09 KOMA-Script package (loading files)

Package scrlfile, 2011/03/09 v3.09 KOMA-Script package (loading files)
                  Copyright (C) Markus Kohm

))) (/usr/local/texlive/2012/texmf-dist/tex/latex/koma-script/tocbasic.sty
Package: tocbasic 2012/04/04 v3.10b KOMA-Script package (handling toc-files)
)
Package tocbasic Info: omitting babel extension for `toc'
(tocbasic)             because of feature `nobabel' available
(tocbasic)             for `toc' on input line 115.
Package tocbasic Info: omitting babel extension for `lof'
(tocbasic)             because of feature `nobabel' available
(tocbasic)             for `lof' on input line 116.
Package tocbasic Info: omitting babel extension for `lot'
(tocbasic)             because of feature `nobabel' available
(tocbasic)             for `lot' on input line 117.
Class scrartcl Info: File `scrsize10pt.clo' used to setup font sizes on input l
ine 1265.

(/usr/local/texlive/2012/texmf-dist/tex/latex/koma-script/scrsize10pt.clo
File: scrsize10pt.clo 2012/05/15 v3.11 KOMA-Script font size class option (10pt
)
)
(/usr/local/texlive/2012/texmf-dist/tex/latex/koma-script/typearea.sty
Package: typearea 2012/05/15 v3.11 KOMA-Script package (type area)

Package typearea, 2012/05/15 v3.11 KOMA-Script package (type area)
                  Copyright (C) Frank Neukam, 1992-1994
                  Copyright (C) Markus Kohm, 1994-

\ta@bcor=\skip41
\ta@div=\count79
\ta@hblk=\skip42
\ta@vblk=\skip43
\ta@temp=\skip44
DIV calculation for typearea with good linewidth.

Package typearea Warning: Maybe no optimal type area settings!
(typearea)                The maximum limit of line width is about 21%
(typearea)                larger than the heuristically detected line width.
(typearea)                You may e.g. increase DIV, decrease fontsize
(typearea)                or change the papersize.

Package typearea Info: These are the values describing the layout:
(typearea)             DIV  = 21
(typearea)             BCOR = 0.0pt
(typearea)             \paperwidth      = 597.50793pt
(typearea)              \textwidth      = 512.14966pt
(typearea)              DIV departure   = 21%
(typearea)              \evensidemargin = -29.59085pt
(typearea)              \oddsidemargin  = -29.59085pt
(typearea)             \paperheight     = 845.04694pt
(typearea)              \textheight     = 730.0pt
(typearea)              \topmargin      = -65.02966pt
(typearea)              \headheight     = 15.0pt
(typearea)              \headsep        = 18.0pt
(typearea)              \topskip        = 10.0pt
(typearea)              \footskip       = 42.0pt
(typearea)              \baselineskip   = 12.0pt
(typearea)              on input line 1211.
)
\c@part=\count80
\c@section=\count81
\c@subsection=\count82
\c@subsubsection=\count83
\c@paragraph=\count84
\c@subparagraph=\count85
\abovecaptionskip=\skip45
\belowcaptionskip=\skip46
\c@pti@nb@sid@b@x=\box26
\c@figure=\count86
\c@table=\count87
\bibindent=\dimen102
) (/usr/local/texlive/2012/texmf-dist/tex/latex/lipsum/lipsum.sty
Package: lipsum 2011/04/14 v1.2 150 paragraphs of Lorem Ipsum dummy text
\c@lips@count=\count88
)
(/usr/local/texlive/2012/texmf-dist/tex/generic/babel/babel.sty
Package: babel 2008/07/08 v3.8m The Babel package

(/usr/local/texlive/2012/texmf-dist/tex/generic/babel/english.ldf
Language: english 2005/03/30 v3.3o English support from the babel system

(/usr/local/texlive/2012/texmf-dist/tex/generic/babel/babel.def
File: babel.def 2008/07/08 v3.8m Babel common definitions
\babel@savecnt=\count89
\U@D=\dimen103
)
\l@canadian = a dialect from \language\l@american 
\l@australian = a dialect from \language\l@british 
\l@newzealand = a dialect from \language\l@british 
))
(/usr/local/texlive/2012/texmf-dist/tex/latex/microtype/microtype.sty
Package: microtype 2010/01/10 v2.4 Micro-typography with pdfTeX (RS)
\MT@toks=\toks15
\MT@count=\count90
LaTeX Info: Redefining \lsstyle on input line 1597.
LaTeX Info: Redefining \lslig on input line 1597.
\MT@outer@space=\skip47
LaTeX Info: Redefining \textls on input line 1605.
\MT@outer@kern=\dimen104
LaTeX Info: Redefining \textmicrotypecontext on input line 2156.
Package microtype Info: Loading configuration file microtype.cfg.

(/usr/local/texlive/2012/texmf-dist/tex/latex/microtype/microtype.cfg
File: microtype.cfg 2010/01/10 v2.4 microtype main configuration file (RS)
))
(/usr/local/texlive/2012/texmf-dist/tex/latex/amsmath/amsmath.sty
Package: amsmath 2000/07/18 v2.13 AMS math features
\@mathmargin=\skip48

For additional information on amsmath, use the `?' option.
(/usr/local/texlive/2012/texmf-dist/tex/latex/amsmath/amstext.sty
Package: amstext 2000/06/29 v2.01

(/usr/local/texlive/2012/texmf-dist/tex/latex/amsmath/amsgen.sty
File: amsgen.sty 1999/11/30 v2.0
\@emptytoks=\toks16
\ex@=\dimen105
))
(/usr/local/texlive/2012/texmf-dist/tex/latex/amsmath/amsbsy.sty
Package: amsbsy 1999/11/29 v1.2d
\pmbraise@=\dimen106
)
(/usr/local/texlive/2012/texmf-dist/tex/latex/amsmath/amsopn.sty
Package: amsopn 1999/12/14 v2.01 operator names
)
\inf@bad=\count91
LaTeX Info: Redefining \frac on input line 211.
\uproot@=\count92
\leftroot@=\count93
LaTeX Info: Redefining \overline on input line 307.
\classnum@=\count94
\DOTSCASE@=\count95
LaTeX Info: Redefining \ldots on input line 379.
LaTeX Info: Redefining \dots on input line 382.
LaTeX Info: Redefining \cdots on input line 467.
\Mathstrutbox@=\box27
\strutbox@=\box28
\big@size=\dimen107
LaTeX Font Info:    Redeclaring font encoding OML on input line 567.
LaTeX Font Info:    Redeclaring font encoding OMS on input line 568.
\macc@depth=\count96
\c@MaxMatrixCols=\count97
\dotsspace@=\muskip10
\c@parentequation=\count98
\dspbrk@lvl=\count99
\tag@help=\toks17
\row@=\count100
\column@=\count101
\maxfields@=\count102
\andhelp@=\toks18
\eqnshift@=\dimen108
\alignsep@=\dimen109
\tagshift@=\dimen110
\tagwidth@=\dimen111
\totwidth@=\dimen112
\lineht@=\dimen113
\@envbody=\toks19
\multlinegap=\skip49
\multlinetaggap=\skip50
\mathdisplay@stack=\toks20
LaTeX Info: Redefining \[ on input line 2666.
LaTeX Info: Redefining \] on input line 2667.
)
(/usr/local/texlive/2012/texmf-dist/tex/latex/amsfonts/amsfonts.sty
Package: amsfonts 2009/06/22 v3.00 Basic AMSFonts support
\symAMSa=\mathgroup4
\symAMSb=\mathgroup5
LaTeX Font Info:    Overwriting math alphabet `\mathfrak' in version `bold'
(Font)                  U/euf/m/n --> U/euf/b/n on input line 96.
)
(/usr/local/texlive/2012/texmf-dist/tex/latex/amscls/amsthm.sty
Package: amsthm 2009/07/02 v2.20.1
\thm@style=\toks21
\thm@bodyfont=\toks22
\thm@headfont=\toks23
\thm@notefont=\toks24
\thm@headpunct=\toks25
\thm@preskip=\skip51
\thm@postskip=\skip52
\thm@headsep=\skip53
\dth@everypar=\toks26
)
(/usr/local/texlive/2012/texmf-dist/tex/latex/xcolor/xcolor.sty
Package: xcolor 2007/01/21 v2.11 LaTeX color extensions (UK)

(/usr/local/texlive/2012/texmf-dist/tex/latex/latexconfig/color.cfg
File: color.cfg 2007/01/18 v1.5 color configuration of teTeX/TeXLive
)
Package xcolor Info: Driver file: pdftex.def on input line 225.

(/usr/local/texlive/2012/texmf-dist/tex/latex/pdftex-def/pdftex.def
File: pdftex.def 2011/05/27 v0.06d Graphics/color for pdfTeX

(/usr/local/texlive/2012/texmf-dist/tex/generic/oberdiek/infwarerr.sty
Package: infwarerr 2010/04/08 v1.3 Providing info/warning/error messages (HO)
)
(/usr/local/texlive/2012/texmf-dist/tex/generic/oberdiek/ltxcmds.sty
Package: ltxcmds 2011/11/09 v1.22 LaTeX kernel commands for general use (HO)
)
\Gread@gobject=\count103
)
Package xcolor Info: Model `cmy' substituted by `cmy0' on input line 1337.
Package xcolor Info: Model `hsb' substituted by `rgb' on input line 1341.
Package xcolor Info: Model `RGB' extended on input line 1353.
Package xcolor Info: Model `HTML' substituted by `rgb' on input line 1355.
Package xcolor Info: Model `Hsb' substituted by `hsb' on input line 1356.
Package xcolor Info: Model `tHsb' substituted by `hsb' on input line 1357.
Package xcolor Info: Model `HSB' substituted by `hsb' on input line 1358.
Package xcolor Info: Model `Gray' substituted by `gray' on input line 1359.
Package xcolor Info: Model `wave' substituted by `hsb' on input line 1360.

(/usr/local/texlive/2012/texmf-dist/tex/latex/xcolor/svgnam.def
File: svgnam.def 2007/01/21 v2.11 Predefined colors according to SVG 1.1 (UK)
))
(/usr/local/texlive/2012/texmf-dist/tex/latex/caption/caption.sty
Package: caption 2012/02/19 v3.2f Customizing captions (AR)

(/usr/local/texlive/2012/texmf-dist/tex/latex/caption/caption3.sty
Package: caption3 2012/01/12 v1.4b caption3 kernel (AR)
\captionmargin=\dimen114
\captionmargin@=\dimen115
\captionwidth=\dimen116
\caption@indent=\dimen117
\caption@parindent=\dimen118
\caption@hangindent=\dimen119
)
Package caption Info: KOMA-Script document class.
\c@ContinuedFloat=\count104
)
(/usr/local/texlive/2012/texmf-dist/tex/latex/booktabs/booktabs.sty
Package: booktabs 2005/04/14 v1.61803 publication quality tables
\heavyrulewidth=\dimen120
\lightrulewidth=\dimen121
\cmidrulewidth=\dimen122
\belowrulesep=\dimen123
\belowbottomsep=\dimen124
\aboverulesep=\dimen125
\abovetopsep=\dimen126
\cmidrulesep=\dimen127
\cmidrulekern=\dimen128
\defaultaddspace=\dimen129
\@cmidla=\count105
\@cmidlb=\count106
\@aboverulesep=\dimen130
\@belowrulesep=\dimen131
\@thisruleclass=\count107
\@lastruleclass=\count108
\@thisrulewidth=\dimen132
)
(/usr/local/texlive/2012/texmf-dist/tex/latex/base/fix-cm.sty
Package: fix-cm 2006/09/13 v1.1m fixes to LaTeX

(/usr/local/texlive/2012/texmf-dist/tex/latex/base/ts1enc.def
File: ts1enc.def 2001/06/05 v3.0e (jk/car/fm) Standard LaTeX file
))
(/usr/local/texlive/2012/texmf-dist/tex/latex/sectsty/sectsty.sty
Package: sectsty 2002/02/25 v2.0.2 Commands to change all sectional heading sty
les
)
(/Users/brebel/Library/texmf/tex/latex/fancyhdr/fancyhdr.sty
\headwidth=\dimen133
)
(/usr/local/texlive/2012/texmf-dist/tex/latex/lastpage/lastpage.sty
Package: lastpage 2011/09/01 v1.2k Refers to last page's name (HMM; JPG)
)
(/usr/local/texlive/2012/texmf-dist/tex/latex/graphics/graphicx.sty
Package: graphicx 1999/02/16 v1.0f Enhanced LaTeX Graphics (DPC,SPQR)

(/usr/local/texlive/2012/texmf-dist/tex/latex/graphics/graphics.sty
Package: graphics 2009/02/05 v1.0o Standard LaTeX Graphics (DPC,SPQR)

(/usr/local/texlive/2012/texmf-dist/tex/latex/graphics/trig.sty
Package: trig 1999/03/16 v1.09 sin cos tan (DPC)
)
(/usr/local/texlive/2012/texmf-dist/tex/latex/latexconfig/graphics.cfg
File: graphics.cfg 2010/04/23 v1.9 graphics configuration of TeX Live
)
Package graphics Info: Driver file: pdftex.def on input line 91.
)
\Gin@req@height=\dimen134
\Gin@req@width=\dimen135
)
(/usr/local/texlive/2012/texmf-dist/tex/latex/lettrine/lettrine.sty
File: lettrine.sty 2007/08/08 v1.62 (Daniel Flipo)
\c@DefaultLines=\count109
\DefaultFindent=\dimen136
\DefaultNindent=\dimen137
\DefaultSlope=\dimen138
\L@lbox=\box29
\L@tbox=\box30
\c@L@lines=\count110
\L@Pindent=\dimen139
\L@Findent=\dimen140
\L@Nindent=\dimen141
\L@lraise=\dimen142
\L@first=\dimen143
\L@next=\dimen144
\L@slope=\dimen145
\L@height=\dimen146
\LettrineWidth=\dimen147

Loading lettrine.cfg
(/usr/local/texlive/2012/texmf-dist/tex/latex/lettrine/lettrine.cfg))
(/usr/local/texlive/2012/texmf-dist/tex/latex/titling/titling.sty
Package: titling 2009/09/04 v2.1d maketitle typesetting
\thanksmarkwidth=\skip54
\thanksmargin=\skip55
\droptitle=\skip56
)
(./LArIAT-ref-paper.aux

LaTeX Warning: Label `fig:en-range-corr' multiply defined.

)
\openout1 = `LArIAT-ref-paper.aux'.

LaTeX Font Info:    Checking defaults for OML/cmm/m/it on input line 96.
LaTeX Font Info:    ... okay on input line 96.
LaTeX Font Info:    Checking defaults for T1/cmr/m/n on input line 96.
LaTeX Font Info:    ... okay on input line 96.
LaTeX Font Info:    Checking defaults for OT1/cmr/m/n on input line 96.
LaTeX Font Info:    ... okay on input line 96.
LaTeX Font Info:    Checking defaults for OMS/cmsy/m/n on input line 96.
LaTeX Font Info:    ... okay on input line 96.
LaTeX Font Info:    Checking defaults for OMX/cmex/m/n on input line 96.
LaTeX Font Info:    ... okay on input line 96.
LaTeX Font Info:    Checking defaults for U/cmr/m/n on input line 96.
LaTeX Font Info:    ... okay on input line 96.
LaTeX Font Info:    Checking defaults for TS1/cmr/m/n on input line 96.
LaTeX Font Info:    ... okay on input line 96.
LaTeX Info: Redefining \microtypecontext on input line 96.
Package microtype Info: Generating PDF output.
Package microtype Info: Character protrusion enabled (level 2).
Package microtype Info: Using default protrusion set `alltext'.
Package microtype Info: Automatic font expansion enabled (level 2),
(microtype)             stretch: 20, shrink: 20, step: 1, non-selected.
Package microtype Info: Using default expansion set `basictext'.
Package microtype Info: No tracking.
Package microtype Info: No adjustment of interword spacing.
Package microtype Info: No adjustment of character kerning.
 (/usr/local/texlive/2012/texmf-dist/tex/latex/microtype/mt-cmr.cfg
File: mt-cmr.cfg 2009/11/09 v2.0 microtype config. file: Computer Modern Roman 
(RS)
)
(/usr/local/texlive/2012/texmf-dist/tex/context/base/supp-pdf.mkii
[Loading MPS to PDF converter (version 2006.09.02).]
\scratchcounter=\count111
\scratchdimen=\dimen148
\scratchbox=\box31
\nofMPsegments=\count112
\nofMParguments=\count113
\everyMPshowfont=\toks27
\MPscratchCnt=\count114
\MPscratchDim=\dimen149
\MPnumerator=\count115
\makeMPintoPDFobject=\count116
\everyMPtoPDFconversion=\toks28
)
Package caption Info: Begin \AtBeginDocument code.
Package caption Info: End \AtBeginDocument code.
Package lastpage Info: Please have a look at the pageslts package at
(lastpage)             http://www.ctan.org/tex-archive/ 
(lastpage)             macros/latex/contrib/pageslts/ 
(lastpage)             or
(lastpage)             http://www.ctan.org/tex-archive/ 
(lastpage)             install/macros/latex/contrib/pageslts.tds.zip
(lastpage)             ! on input line 96.
 (/usr/local/texlive/2012/texmf-dist/tex/generic/oberdiek/pdftexcmds.sty
Package: pdftexcmds 2011/11/29 v0.20 Utility functions of pdfTeX for LuaTeX (HO
)

(/usr/local/texlive/2012/texmf-dist/tex/generic/oberdiek/ifluatex.sty
Package: ifluatex 2010/03/01 v1.3 Provides the ifluatex switch (HO)
Package ifluatex Info: LuaTeX not detected.
)
(/usr/local/texlive/2012/texmf-dist/tex/generic/oberdiek/ifpdf.sty
Package: ifpdf 2011/01/30 v2.3 Provides the ifpdf switch (HO)
Package ifpdf Info: pdfTeX in PDF mode is detected.
)
Package pdftexcmds Info: LuaTeX not detected.
Package pdftexcmds Info: \pdf@primitive is available.
Package pdftexcmds Info: \pdf@ifprimitive is available.
Package pdftexcmds Info: \pdfdraftmode found.
)
(/usr/local/texlive/2012/texmf-dist/tex/latex/oberdiek/epstopdf-base.sty
Package: epstopdf-base 2010/02/09 v2.5 Base part for package epstopdf

(/usr/local/texlive/2012/texmf-dist/tex/latex/oberdiek/grfext.sty
Package: grfext 2010/08/19 v1.1 Manage graphics extensions (HO)

(/usr/local/texlive/2012/texmf-dist/tex/generic/oberdiek/kvdefinekeys.sty
Package: kvdefinekeys 2011/04/07 v1.3 Define keys (HO)
))
(/usr/local/texlive/2012/texmf-dist/tex/latex/oberdiek/kvoptions.sty
Package: kvoptions 2011/06/30 v3.11 Key value format for package options (HO)

(/usr/local/texlive/2012/texmf-dist/tex/generic/oberdiek/kvsetkeys.sty
Package: kvsetkeys 2012/04/25 v1.16 Key value parser (HO)

(/usr/local/texlive/2012/texmf-dist/tex/generic/oberdiek/etexcmds.sty
Package: etexcmds 2011/02/16 v1.5 Avoid name clashes with e-TeX commands (HO)
Package etexcmds Info: Could not find \expanded.
(etexcmds)             That can mean that you are not using pdfTeX 1.50 or
(etexcmds)             that some package has redefined \expanded.
(etexcmds)             In the latter case, load this package earlier.
)))
Package grfext Info: Graphics extension search list:
(grfext)             [.png,.pdf,.jpg,.mps,.jpeg,.jbig2,.jb2,.PNG,.PDF,.JPG,.JPE
G,.JBIG2,.JB2,.eps]
(grfext)             \AppendGraphicsExtensions on input line 452.

(/usr/local/texlive/2012/texmf-dist/tex/latex/latexconfig/epstopdf-sys.cfg
File: epstopdf-sys.cfg 2010/07/13 v1.3 Configuration of (r)epstopdf for TeX Liv
e
))
LaTeX Font Info:    Try loading font information for OT1+phv on input line 98.

(/usr/local/texlive/2012/texmf-dist/tex/latex/psnfss/ot1phv.fd
File: ot1phv.fd 2001/06/04 scalable font definitions for OT1/phv.
)
LaTeX Font Info:    Try loading font information for U+msa on input line 98.

(/usr/local/texlive/2012/texmf-dist/tex/latex/amsfonts/umsa.fd
File: umsa.fd 2009/06/22 v3.00 AMS symbols A
)
(/usr/local/texlive/2012/texmf-dist/tex/latex/microtype/mt-msa.cfg
File: mt-msa.cfg 2006/02/04 v1.1 microtype config. file: AMS symbols (a) (RS)
)
LaTeX Font Info:    Try loading font information for U+msb on input line 98.

(/usr/local/texlive/2012/texmf-dist/tex/latex/amsfonts/umsb.fd
File: umsb.fd 2009/06/22 v3.00 AMS symbols B
)
(/usr/local/texlive/2012/texmf-dist/tex/latex/microtype/mt-msb.cfg
File: mt-msb.cfg 2005/06/01 v1.0 microtype config. file: AMS symbols (b) (RS)
)

LaTeX Font Warning: Font shape `OT1/cmtt/b/sl' undefined
(Font)              using `OT1/cmtt/m/n' instead on input line 98.


LaTeX Font Warning: Font shape `OT1/phv/m/' undefined
(Font)              using `OT1/phv/m/n' instead on input line 98.


Underfull \hbox (badness 10000) in paragraph at lines 104--135

 []


Underfull \hbox (badness 1354) in paragraph at lines 104--135
[]\OT1/cmr/m/it/10 (+20) Louisiana State U. (US)[]\OT1/cmss/m/n/10 (+20) : F. B
laszczyk, W. Met-calf,
 []


Underfull \hbox (badness 3646) in paragraph at lines 143--144
$[]$[]\OT1/cmr/bx/n/10 iquid Ar-gon Time Pro-jec-tion Cham-bers
 []


Underfull \vbox (badness 10000) has occurred while \output is active []


<Figures/MDB1.jpg, id=1, 449.68pt x 297.11pt>
File: Figures/MDB1.jpg Graphic file (type jpg)
 <use Figures/MDB1.jpg>
Package pdftex.def Info: Figures/MDB1.jpg used on input line 158.
(pdftex.def)             Requested size: 238.49121pt x 157.57634pt.
 [1{/usr/local/texlive/2012/texmf-var/fonts/map/pdftex/updmap/pdftex.map}


]
<Figures/tertiaryLine.jpg, id=19, 449.68pt x 297.11pt>
File: Figures/tertiaryLine.jpg Graphic file (type jpg)

<use Figures/tertiaryLine.jpg>
Package pdftex.def Info: Figures/tertiaryLine.jpg used on input line 189.
(pdftex.def)             Requested size: 251.58578pt x 166.2212pt.

Overfull \hbox (12.51096pt too wide) in paragraph at lines 188--194
 [][] 
 []

[2 <./Figures/MDB1.jpg> <./Figures/tertiaryLine.jpg>]
<Figures/beamgeo.png, id=27, 801.99625pt x 370.38374pt>
File: Figures/beamgeo.png Graphic file (type png)

<use Figures/beamgeo.png>
Package pdftex.def Info: Figures/beamgeo.png used on input line 207.
(pdftex.def)             Requested size: 203.42331pt x 93.95122pt.

<Figures/tertbmsimu.png, id=28, 670.505pt x 272.01625pt>
File: Figures/tertbmsimu.png Graphic file (type png)

<use Figures/tertbmsimu.png>
Package pdftex.def Info: Figures/tertbmsimu.png used on input line 208.
(pdftex.def)             Requested size: 267.21507pt x 108.405pt.

Overfull \hbox (16.14024pt too wide) in paragraph at lines 207--215
 [] 
 []

<Figures/particle_spectra_logy.pdf, id=29, 569.12625pt x 450.68375pt>
File: Figures/particle_spectra_logy.pdf Graphic file (type pdf)

<use Figures/particle_spectra_logy.pdf>
Package pdftex.def Info: Figures/particle_spectra_logy.pdf used on input line 2
35.
(pdftex.def)             Requested size: 228.15883pt x 180.67499pt.

<Figures/beam-simu1.png, id=30, 435.6275pt x 313.17pt>
File: Figures/beam-simu1.png Graphic file (type png)

<use Figures/beam-simu1.png>
Package pdftex.def Info: Figures/beam-simu1.png used on input line 251.
(pdftex.def)             Requested size: 251.32805pt x 180.67499pt.

<Figures/beam-simu2.png, id=31, 436.63126pt x 312.16624pt>
File: Figures/beam-simu2.png Graphic file (type png)

<use Figures/beam-simu2.png>
Package pdftex.def Info: Figures/beam-simu2.png used on input line 252.
(pdftex.def)             Requested size: 252.71997pt x 180.67499pt.

Overfull \hbox (1.64514pt too wide) in paragraph at lines 251--257
 [] 
 []

[3 <./Figures/beamgeo.png> <./Figures/tertbmsimu.png> <./Figures/particle_spect
ra_logy.pdf, page is rotated 90 degrees> <./Figures/beam-simu1.png> <./Figures/
beam-simu2.png>] <Figures/elm_shwr.png, id=79, 645.41125pt x 249.93375pt>
File: Figures/elm_shwr.png Graphic file (type png)

<use Figures/elm_shwr.png>
Package pdftex.def Info: Figures/elm_shwr.png used on input line 282.
(pdftex.def)             Requested size: 242.60966pt x 93.95122pt.

Overfull \hbox (3.53484pt too wide) in paragraph at lines 281--287
 [][] 
 []


Underfull \hbox (badness 4328) in paragraph at lines 287--287
[][]|\OT1/cmss/m/n/7 MC simalu-a-tion of a photon-shower in-duced by electron-
 []

<Figures/mu-capture-mu-decay.png, id=81, 655.44875pt x 424.58624pt>
File: Figures/mu-capture-mu-decay.png Graphic file (type png)

<use Figures/mu-capture-mu-decay.png>
Package pdftex.def Info: Figures/mu-capture-mu-decay.png used on input line 301
.
(pdftex.def)             Requested size: 245.44263pt x 158.99377pt.

Overfull \hbox (6.3678pt too wide) in paragraph at lines 300--306
 [][] 
 []

[4 <./Figures/elm_shwr.png> <./Figures/mu-capture-mu-decay.png>]
<Figures/T_vs_TotRange.png, id=89, 1128.215pt x 921.4425pt>
File: Figures/T_vs_TotRange.png Graphic file (type png)

<use Figures/T_vs_TotRange.png>
Package pdftex.def Info: Figures/T_vs_TotRange.png used on input line 351.
(pdftex.def)             Requested size: 265.45764pt x 216.81pt.

Overfull \hbox (14.38281pt too wide) in paragraph at lines 351--356
 [][] 
 []

<Figures/piplus.png, id=90, 360.79832pt x 158.56253pt>
File: Figures/piplus.png Graphic file (type png)

<use Figures/piplus.png>
Package pdftex.def Info: Figures/piplus.png used on input line 373.
(pdftex.def)             Requested size: 263.12183pt x 115.63243pt.

Overfull \hbox (12.047pt too wide) in paragraph at lines 373--378
 [][] 
 []

[5 <./Figures/T_vs_TotRange.png> <./Figures/piplus.png>]
<Figures/anti-p-star.png, id=97, 474.77374pt x 316.18124pt>
File: Figures/anti-p-star.png Graphic file (type png)

<use Figures/anti-p-star.png>
Package pdftex.def Info: Figures/anti-p-star.png used on input line 398.
(pdftex.def)             Requested size: 249.60043pt x 166.2212pt.

<Figures/tpc_taup.png, id=98, 417.56pt x 310.15875pt>
File: Figures/tpc_taup.png Graphic file (type png)

<use Figures/tpc_taup.png>
Package pdftex.def Info: Figures/tpc_taup.png used on input line 425.
(pdftex.def)             Requested size: 252.96544pt x 187.90244pt.

<Figures/MC7-beamline.png, id=99, 842.14626pt x 593.21625pt>
File: Figures/MC7-beamline.png Graphic file (type png)

<use Figures/MC7-beamline.png>
Package pdftex.def Info: Figures/MC7-beamline.png used on input line 427.
(pdftex.def)             Requested size: 256.488pt x 180.67499pt.

Overfull \hbox (1.89061pt too wide) in paragraph at lines 425--429
 [][] 
 []


Overfull \hbox (5.41318pt too wide) in paragraph at lines 425--429
 [] 
 []


LaTeX Warning: `h' float specifier changed to `ht'.

[6 <./Figures/anti-p-star.png>]

LaTeX Warning: Command \o invalid in math mode on input line 442.

<Figures/Cryostat-mods.png, id=103, 696.6025pt x 438.63875pt>
File: Figures/Cryostat-mods.png Graphic file (type png)

<use Figures/Cryostat-mods.png>
Package pdftex.def Info: Figures/Cryostat-mods.png used on input line 446.
(pdftex.def)             Requested size: 252.94499pt x 159.2752pt.

Overfull \hbox (1.87016pt too wide) in paragraph at lines 446--447
 [][] 
 []

<Figures/TPC-ready.pdf, id=104, 440.24928pt x 261.54071pt>
File: Figures/TPC-ready.pdf Graphic file (type pdf)

<use Figures/TPC-ready.pdf>
Package pdftex.def Info: Figures/TPC-ready.pdf used on input line 460.
(pdftex.def)             Requested size: 252.94499pt x 150.269pt.

<Figures/wire-plane-new.png, id=105, 986.68625pt x 514.92375pt>
File: Figures/wire-plane-new.png Graphic file (type png)

<use Figures/wire-plane-new.png>
Package pdftex.def Info: Figures/wire-plane-new.png used on input line 461.
(pdftex.def)             Requested size: 252.94499pt x 131.99916pt.

Overfull \hbox (1.87016pt too wide) in paragraph at lines 460--463
 [][] 
 []


Overfull \hbox (1.87016pt too wide) in paragraph at lines 460--463
 [] 
 []

<Figures/TPC.pdf, id=106, 1027.84pt x 770.88pt>
File: Figures/TPC.pdf Graphic file (type pdf)
 <use Figures/TPC.pdf>
Package pdftex.def Info: Figures/TPC.pdf used on input line 472.
(pdftex.def)             Requested size: 252.94499pt x 189.70828pt.

Overfull \hbox (1.87016pt too wide) in paragraph at lines 472--474
 [][] 
 []


LaTeX Warning: `!h' float specifier changed to `!ht'.

[7 <./Figures/tpc_taup.png> <./Figures/MC7-beamline.png> <./Figures/Cryostat-mo
ds.png>] <Figures/cold-elec-schematic.png, id=112, 472.76625pt x 188.705pt>
File: Figures/cold-elec-schematic.png Graphic file (type png)

<use Figures/cold-elec-schematic.png>
Package pdftex.def Info: Figures/cold-elec-schematic.png used on input line 488
.
(pdftex.def)             Requested size: 252.94499pt x 100.96625pt.

<Figures/new-FT.png, id=113, 840.13875pt x 611.28375pt>
File: Figures/new-FT.png Graphic file (type png)

<use Figures/new-FT.png>
Package pdftex.def Info: Figures/new-FT.png used on input line 489.
(pdftex.def)             Requested size: 158.99377pt x 115.67874pt.

Overfull \hbox (1.87016pt too wide) in paragraph at lines 488--490
 [][] 
 []

<Figures/ScintLightSyst.png, id=114, 536.0025pt x 395.4775pt>
File: Figures/ScintLightSyst.png Graphic file (type png)

<use Figures/ScintLightSyst.png>
Package pdftex.def Info: Figures/ScintLightSyst.png used on input line 504.
(pdftex.def)             Requested size: 252.94499pt x 186.62875pt.

Overfull \hbox (1.87016pt too wide) in paragraph at lines 504--510
 [][] 
 []

[8 <./Figures/TPC-ready.pdf> <./Figures/wire-plane-new.png> <./Figures/TPC.pdf>
 <./Figures/cold-elec-schematic.png> <./Figures/new-FT.png>]
<Figures/cryosystem.png, id=187, 951.555pt x 665.48625pt>
File: Figures/cryosystem.png Graphic file (type png)

<use Figures/cryosystem.png>
Package pdftex.def Info: Figures/cryosystem.png used on input line 528.
(pdftex.def)             Requested size: 252.94499pt x 176.90135pt.

Overfull \hbox (1.87016pt too wide) in paragraph at lines 528--529
 [][] 
 []

[9 <./Figures/ScintLightSyst.png> <./Figures/cryosystem.png>]
<Figures/BeamCounters.png, id=191, 585.18625pt x 154.5775pt>
File: Figures/BeamCounters.png Graphic file (type png)

<use Figures/BeamCounters.png>
Package pdftex.def Info: Figures/BeamCounters.png used on input line 542.
(pdftex.def)             Requested size: 252.94499pt x 66.8161pt.

Overfull \hbox (1.87016pt too wide) in paragraph at lines 542--543
 [][] 
 []

<Figures/pi-cont-l.png, id=192, 438.63875pt x 289.08pt>
File: Figures/pi-cont-l.png Graphic file (type png)

<use Figures/pi-cont-l.png>
Package pdftex.def Info: Figures/pi-cont-l.png used on input line 557.
(pdftex.def)             Requested size: 216.81pt x 142.88992pt.

<Figures/pi-cont-r.png, id=193, 429.605pt x 292.09125pt>
File: Figures/pi-cont-r.png Graphic file (type png)

<use Figures/pi-cont-r.png>
Package pdftex.def Info: Figures/pi-cont-r.png used on input line 558.
(pdftex.def)             Requested size: 216.81pt x 147.41353pt.


LaTeX Warning: `!h' float specifier changed to `!ht'.

LaTeX Font Info:    Try loading font information for OMS+cmss on input line 565
.
LaTeX Font Info:    No file OMScmss.fd. on input line 565.

LaTeX Font Warning: Font shape `OMS/cmss/m/n' undefined
(Font)              using `OMS/cmsy/m/n' instead
(Font)              for symbol `textbullet' on input line 565.

[10 <./Figures/BeamCounters.png> <./Figures/pi-cont-l.png> <./Figures/pi-cont-r
.png>]
Underfull \hbox (badness 10000) in paragraph at lines 612--613
[]\OT1/cmr/m/n/8 (+20) FTBF (Fer-mi-lab Test Beam Fa-cil-ity), http://www-
 []


Underfull \hbox (badness 2799) in paragraph at lines 674--675
\OT1/cmr/m/it/8 (+20) i-bra-tion, and Per-for-mance of the MIN-ERvA De-tec-tor\
OT1/cmr/m/n/8 (+20) ,
 []


Underfull \hbox (badness 10000) in paragraph at lines 674--675

 []


Underfull \hbox (badness 10000) in paragraph at lines 676--677

 []

[11] 
AED: lastpage setting LastPage
(./LArIAT-ref-paper.aux)

LaTeX Font Warning: Some font shapes were not available, defaults substituted.


LaTeX Warning: There were multiply-defined labels.

 ) 
Here is how much of TeX's memory you used:
 8248 strings out of 493488
 129029 string characters out of 3141326
 334288 words of memory out of 3000000
 11186 multiletter control sequences out of 15000+200000
 33366 words of font info for 171 fonts, out of 3000000 for 9000
 957 hyphenation exceptions out of 8191
 47i,13n,46p,1782b,467s stack positions out of 5000i,500n,10000p,200000b,50000s
{/usr/local/texlive/2012/texmf-dist/fonts/enc/dvips/base/8r.enc}</usr/local/t
exlive/2012/texmf-dist/fonts/type1/public/amsfonts/cm/cmbx10.pfb></usr/local/te
xlive/2012/texmf-dist/fonts/type1/public/amsfonts/cm/cmbx8.pfb></usr/local/texl
ive/2012/texmf-dist/fonts/type1/public/amsfonts/cm/cmbx9.pfb></usr/local/texliv
e/2012/texmf-dist/fonts/type1/public/amsfonts/cm/cmmi10.pfb></usr/local/texlive
/2012/texmf-dist/fonts/type1/public/amsfonts/cm/cmmi12.pfb></usr/local/texlive/
2012/texmf-dist/fonts/type1/public/amsfonts/cm/cmmi5.pfb></usr/local/texlive/20
12/texmf-dist/fonts/type1/public/amsfonts/cm/cmmi7.pfb></usr/local/texlive/2012
/texmf-dist/fonts/type1/public/amsfonts/cm/cmr10.pfb></usr/local/texlive/2012/t
exmf-dist/fonts/type1/public/amsfonts/cm/cmr12.pfb></usr/local/texlive/2012/tex
mf-dist/fonts/type1/public/amsfonts/cm/cmr5.pfb></usr/local/texlive/2012/texmf-
dist/fonts/type1/public/amsfonts/cm/cmr7.pfb></usr/local/texlive/2012/texmf-dis
t/fonts/type1/public/amsfonts/cm/cmr8.pfb></usr/local/texlive/2012/texmf-dist/f
onts/type1/public/amsfonts/cm/cmss10.pfb></usr/local/texlive/2012/texmf-dist/fo
nts/type1/public/amsfonts/cm/cmss12.pfb></usr/local/texlive/2012/texmf-dist/fon
ts/type1/public/amsfonts/cm/cmss17.pfb></usr/local/texlive/2012/texmf-dist/font
s/type1/public/amsfonts/cm/cmss8.pfb></usr/local/texlive/2012/texmf-dist/fonts/
type1/public/amsfonts/cm/cmsy10.pfb></usr/local/texlive/2012/texmf-dist/fonts/t
ype1/public/amsfonts/cm/cmsy5.pfb></usr/local/texlive/2012/texmf-dist/fonts/typ
e1/public/amsfonts/cm/cmsy7.pfb></usr/local/texlive/2012/texmf-dist/fonts/type1
/public/amsfonts/cm/cmti10.pfb></usr/local/texlive/2012/texmf-dist/fonts/type1/
public/amsfonts/cm/cmti7.pfb></usr/local/texlive/2012/texmf-dist/fonts/type1/pu
blic/amsfonts/cm/cmti8.pfb></usr/local/texlive/2012/texmf-dist/fonts/type1/publ
ic/amsfonts/cm/cmtt12.pfb></usr/local/texlive/2012/texmf-dist/fonts/type1/urw/h
elvetic/uhvb8a.pfb></usr/local/texlive/2012/texmf-dist/fonts/type1/urw/helvetic
/uhvbo8a.pfb></usr/local/texlive/2012/texmf-dist/fonts/type1/urw/helvetic/uhvr8
a.pfb>
Output written on LArIAT-ref-paper.pdf (11 pages, 4781383 bytes).
PDF statistics:
 285 PDF objects out of 1000 (max. 8388607)
 173 compressed objects within 2 object streams
 0 named destinations out of 1000 (max. 500000)
 33918 words of extra memory for PDF output out of 35830 (max. 10000000)

